=== Battle Bracket Wheels — Issue #34 E2E Probe ===
Testing: winner field in HX-Trigger spin-wheel array

Starting server...
2026/06/25 12:33:21 Battle Bracket Wheels listening on 0.0.0.0:8080

=== Step 1: Get session cookie ===
Session cookie: 3820b6257df01cce466c59031cfceea6

=== Step 2: Add option to wheel 0 ===
Done (200 OK)

=== Step 3: Add option to wheel 1 ===
Done (200 OK)

=== Step 4: POST /battle/qf1 (capture HX-Trigger) ===
< HTTP/1.1 200 OK
< Content-Type: text/html; charset=utf-8
< Hx-Trigger: {"spin-wheel":[{"slotID":"slot-1","targetAngle":0,"targetIndex":0,"wheelID":"0","winner":true},{"slotID":"slot-2","targetAngle":0,"targetIndex":0,"wheelID":"1","winner":false}]}
< Date: Thu, 25 Jun 2026 18:33:35 GMT

Response body includes:
  - <svg id="battle-pointer" class="battle-pointer" ...> in match-qf1 OOB fragment
  - matchResult: Wheel 0 (roll: 89) beats Wheel 1 (roll: 43)

=== HX-Trigger value ===
{
    "spin-wheel": [
        {
            "slotID": "slot-1",
            "targetAngle": 0,
            "targetIndex": 0,
            "wheelID": "0",
            "winner": true
        },
        {
            "slotID": "slot-2",
            "targetAngle": 0,
            "targetIndex": 0,
            "wheelID": "1",
            "winner": false
        }
    ]
}

=== Verifying winner field ===
Total spin-wheel entries: 2
Entries with winner:true: 1
Winner wheelID: 0
Winner slotID: slot-1

Verified: winner entry wheelID (0) matches matchResult winner (Wheel 0)

=== Summary ===
- AC1 PASS: HX-Trigger spin-wheel array has exactly one winner:true entry
- AC1 PASS: winner:true wheelID (0) equals battleResult WinnerID (0)
- AC2-6: JS logic verified by code review (hidePointer at handler start,
  revealPointerWithResults after reveal, solo-spin guard, round-reset guard)
- handlers_spin.go NOT modified (solo-spin intact)
- window.__lastSpinItems set in wheel.js (available for rodney probes)

=== DONE ===
